生成启动时间为 2018/4/8 0:02:16。
     1>项目“D:\Projects\MyLearnProjects\OpenGL\LearnOpenGL\Light\Light\Light.vcxproj”在节点 2 上(Build 个目标)。
     1>ClCompile:
         D:\Program Files (x86)\Microsoft Visual Studio 12.0\VC\bin\CL.exe /c /ZI /nologo /W3 /WX- /sdl /Od /Oy- /D _MBCS /Gm /EHsc /RTC1 /MDd /GS /fp:precise /Zc:wchar_t /Zc:forScope /Fo"Debug\\" /Fd"Debug\vc120.pdb" /Gd /TP /analyze- /errorReport:prompt main.cpp
         main.cpp
     1>d:\projects\mylearnprojects\opengl\learnopengl\light\light\mesh.h(69): warning C4244: “参数”: 从“unsigned int”转换到“float”，可能丢失数据
     1>d:\projects\mylearnprojects\opengl\learnopengl\light\light\model.h(32): warning C4018: “<”: 有符号/无符号不匹配
     1>d:\projects\mylearnprojects\opengl\learnopengl\light\light\model.h(61): warning C4018: “<”: 有符号/无符号不匹配
     1>d:\projects\mylearnprojects\opengl\learnopengl\light\light\model.h(67): warning C4018: “<”: 有符号/无符号不匹配
     1>d:\projects\mylearnprojects\opengl\learnopengl\light\light\model.h(80): warning C4018: “<”: 有符号/无符号不匹配
     1>d:\projects\mylearnprojects\opengl\learnopengl\light\light\main.cpp(89): warning C4244: “初始化”: 从“double”转换到“float”，可能丢失数据
     1>d:\projects\mylearnprojects\opengl\learnopengl\light\light\main.cpp(167): warning C4244: “=”: 从“double”转换到“float”，可能丢失数据
     1>d:\projects\mylearnprojects\opengl\learnopengl\light\light\main.cpp(168): warning C4244: “=”: 从“double”转换到“float”，可能丢失数据
     1>d:\projects\mylearnprojects\opengl\learnopengl\light\light\main.cpp(172): warning C4244: “初始化”: 从“double”转换到“float”，可能丢失数据
     1>d:\projects\mylearnprojects\opengl\learnopengl\light\light\main.cpp(173): warning C4244: “初始化”: 从“double”转换到“float”，可能丢失数据
     1>d:\projects\mylearnprojects\opengl\learnopengl\light\light\main.cpp(175): warning C4244: “=”: 从“double”转换到“float”，可能丢失数据
     1>d:\projects\mylearnprojects\opengl\learnopengl\light\light\main.cpp(176): warning C4244: “=”: 从“double”转换到“float”，可能丢失数据
     1>d:\projects\mylearnprojects\opengl\learnopengl\light\light\main.cpp(185): warning C4244: “参数”: 从“double”转换到“float”，可能丢失数据
       Link:
         D:\Program Files (x86)\Microsoft Visual Studio 12.0\VC\bin\link.exe /ERRORREPORT:PROMPT /OUT:"D:\Projects\MyLearnProjects\OpenGL\LearnOpenGL\Light\Debug\Light.exe" /INCREMENTAL /NOLOGO glfw3.lib "assimp-vc120-mt.lib" opengl32.lib kernel32.lib user32.lib gdi32.lib winspool.lib comdlg32.lib advapi32.lib shell32.lib ole32.lib oleaut32.lib uuid.lib odbc32.lib odbccp32.lib /MANIFEST /MANIFESTUAC:"level='asInvoker' uiAccess='false'" /manifest:embed /DEBUG /PDB:"D:\Projects\MyLearnProjects\OpenGL\LearnOpenGL\Light\Debug\Light.pdb" /TLBID:1 /DYNAMICBASE /NXCOMPAT /IMPLIB:"D:\Projects\MyLearnProjects\OpenGL\LearnOpenGL\Light\Debug\Light.lib" /MACHINE:X86 Debug\glad.obj
         Debug\main.obj
         Debug\stb_image.obj
         Light.vcxproj -> D:\Projects\MyLearnProjects\OpenGL\LearnOpenGL\Light\Debug\Light.exe
     1>已完成生成项目“D:\Projects\MyLearnProjects\OpenGL\LearnOpenGL\Light\Light\Light.vcxproj”(Build 个目标)的操作。

生成成功。

已用时间 00:00:01.86
